This file contains any messages produced by compilers while
running configure, to aid debugging if configure makes a mistake.

It was created by configure, which was
generated by GNU Autoconf 2.59.  Invocation command line was

  $ ./configure --enable-maintainer-mode

## --------- ##
## Platform. ##
## --------- ##

hostname = Infinity
uname -m = i686
uname -r = 2.6.11-portege
uname -s = Linux
uname -v = #1 Thu Jun 30 22:31:34 CEST 2005

/usr/bin/uname -p = unknown
/bin/uname -X     = unknown

/bin/arch              = i686
/usr/bin/arch -k       = unknown
/usr/convex/getsysinfo = unknown
hostinfo               = unknown
/bin/machine           = unknown
/usr/bin/oslevel       = unknown
/bin/universe          = unknown

PATH: /home/weed/bin
PATH: /usr/local/bin
PATH: /usr/bin
PATH: /bin
PATH: /usr/bin/X11
PATH: /usr/games
PATH: /usr/local/enlightenment/bin
PATH: /usr/java/bin
PATH: /usr/local/pspdev/bin
PATH: /usr/local/pspdev/bin


## ----------- ##
## Core tests. ##
## ----------- ##

configure:1531: checking build system type
configure:1549: result: i686-pc-linux-gnu
configure:1557: checking host system type
configure:1571: result: i686-pc-linux-gnu
configure:1579: checking target system type
configure:1593: result: i686-pc-linux-gnu
configure:1622: checking for a BSD-compatible install
configure:1677: result: /usr/bin/install -c
configure:1688: checking whether build environment is sane
configure:1731: result: yes
configure:1764: checking for gawk
configure:1780: found /usr/bin/gawk
configure:1790: result: gawk
configure:1800: checking whether make sets $(MAKE)
configure:1820: result: yes
configure:1986: checking whether to enable maintainer-specific portions of Makefiles
configure:1995: result: yes
configure:2023: checking for style of include used by make
configure:2051: result: GNU
configure:2122: checking for gcc
configure:2138: found /usr/bin/gcc
configure:2148: result: gcc
configure:2392: checking for C compiler version
configure:2395: gcc --version </dev/null >&5
gcc (GCC) 4.0.3 20051111 (prerelease) (Debian 4.0.2-4)
Copyright (C) 2005 Free Software Foundation, Inc.
This is free software; see the source for copying conditions.  There is NO
warranty; not even for MERCHANTABILITY or FITNESS FOR A PARTICULAR PURPOSE.

configure:2398: $? = 0
configure:2400: gcc -v </dev/null >&5
Using built-in specs.
Target: i486-linux-gnu
Configured with: ../src/configure -v --enable-languages=c,c++,java,f95,objc,ada,treelang --prefix=/usr --enable-shared --with-system-zlib --libexecdir=/usr/lib --without-included-gettext --enable-threads=posix --enable-nls --program-suffix=-4.0 --enable-__cxa_atexit --enable-clocale=gnu --enable-libstdcxx-debug --enable-java-awt=gtk --enable-gtk-cairo --with-java-home=/usr/lib/jvm/java-1.4.2-gcj-4.0-1.4.2.0/jre --enable-mpfr --disable-werror --enable-checking=release i486-linux-gnu
Thread model: posix
gcc version 4.0.3 20051111 (prerelease) (Debian 4.0.2-4)
configure:2403: $? = 0
configure:2405: gcc -V </dev/null >&5
gcc: '-V' option must have argument
configure:2408: $? = 1
configure:2431: checking for C compiler default output file name
configure:2434: gcc    conftest.c  >&5
configure:2437: $? = 0
configure:2483: result: a.out
configure:2488: checking whether the C compiler works
configure:2494: ./a.out
configure:2497: $? = 0
configure:2514: result: yes
configure:2521: checking whether we are cross compiling
configure:2523: result: no
configure:2526: checking for suffix of executables
configure:2528: gcc -o conftest    conftest.c  >&5
configure:2531: $? = 0
configure:2556: result: 
configure:2562: checking for suffix of object files
configure:2583: gcc -c   conftest.c >&5
configure:2586: $? = 0
configure:2608: result: o
configure:2612: checking whether we are using the GNU C compiler
configure:2636: gcc -c   conftest.c >&5
configure:2642: $? = 0
configure:2645: test -z 			 || test ! -s conftest.err
configure:2648: $? = 0
configure:2651: test -s conftest.o
configure:2654: $? = 0
configure:2667: result: yes
configure:2673: checking whether gcc accepts -g
configure:2694: gcc -c -g  conftest.c >&5
configure:2700: $? = 0
configure:2703: test -z 			 || test ! -s conftest.err
configure:2706: $? = 0
configure:2709: test -s conftest.o
configure:2712: $? = 0
configure:2723: result: yes
configure:2740: checking for gcc option to accept ANSI C
configure:2810: gcc  -c -g -O2  conftest.c >&5
configure:2816: $? = 0
configure:2819: test -z 			 || test ! -s conftest.err
configure:2822: $? = 0
configure:2825: test -s conftest.o
configure:2828: $? = 0
configure:2846: result: none needed
configure:2864: gcc -c -g -O2  conftest.c >&5
conftest.c:2: error: syntax error before 'me'
configure:2870: $? = 1
configure: failed program was:
| #ifndef __cplusplus
|   choke me
| #endif
configure:3002: checking dependency style of gcc
configure:3085: result: gcc3
configure:3104: checking for strerror in -lcposix
configure:3134: gcc -o conftest -g -O2   conftest.c -lcposix   >&5
/usr/bin/ld: cannot find -lcposix
collect2: ld returned 1 exit status
configure:3140: $? = 1
configure: failed program was:
| /* confdefs.h.  */
| 
| #define PACKAGE_NAME ""
| #define PACKAGE_TARNAME ""
| #define PACKAGE_VERSION ""
| #define PACKAGE_STRING ""
| #define PACKAGE_BUGREPORT ""
| #define PACKAGE "netdiscover"
| #define VERSION "0.3-beta7"
| /* end confdefs.h.  */
| 
| /* Override any gcc2 internal prototype to avoid an error.  */
| #ifdef __cplusplus
| extern "C"
| #endif
| /* We use char because int might match the return type of a gcc2
|    builtin and then its argument prototype would still apply.  */
| char strerror ();
| int
| main ()
| {
| strerror ();
|   ;
|   return 0;
| }
configure:3165: result: no
configure:3219: checking for gcc
configure:3245: result: gcc
configure:3489: checking for C compiler version
configure:3492: gcc --version </dev/null >&5
gcc (GCC) 4.0.3 20051111 (prerelease) (Debian 4.0.2-4)
Copyright (C) 2005 Free Software Foundation, Inc.
This is free software; see the source for copying conditions.  There is NO
warranty; not even for MERCHANTABILITY or FITNESS FOR A PARTICULAR PURPOSE.

configure:3495: $? = 0
configure:3497: gcc -v </dev/null >&5
Using built-in specs.
Target: i486-linux-gnu
Configured with: ../src/configure -v --enable-languages=c,c++,java,f95,objc,ada,treelang --prefix=/usr --enable-shared --with-system-zlib --libexecdir=/usr/lib --without-included-gettext --enable-threads=posix --enable-nls --program-suffix=-4.0 --enable-__cxa_atexit --enable-clocale=gnu --enable-libstdcxx-debug --enable-java-awt=gtk --enable-gtk-cairo --with-java-home=/usr/lib/jvm/java-1.4.2-gcj-4.0-1.4.2.0/jre --enable-mpfr --disable-werror --enable-checking=release i486-linux-gnu
Thread model: posix
gcc version 4.0.3 20051111 (prerelease) (Debian 4.0.2-4)
configure:3500: $? = 0
configure:3502: gcc -V </dev/null >&5
gcc: '-V' option must have argument
configure:3505: $? = 1
configure:3508: checking whether we are using the GNU C compiler
configure:3563: result: yes
configure:3569: checking whether gcc accepts -g
configure:3619: result: yes
configure:3636: checking for gcc option to accept ANSI C
configure:3742: result: none needed
configure:3760: gcc -c -g -O2  conftest.c >&5
conftest.c:2: error: syntax error before 'me'
configure:3766: $? = 1
configure: failed program was:
| #ifndef __cplusplus
|   choke me
| #endif
configure:3898: checking dependency style of gcc
configure:3981: result: gcc3
configure:4001: checking for gcc option to accept ANSI C
configure:4064: gcc  -c -g -O2  conftest.c >&5
configure:4070: $? = 0
configure:4073: test -z 			 || test ! -s conftest.err
configure:4076: $? = 0
configure:4079: test -s conftest.o
configure:4082: $? = 0
configure:4097: result: none needed
configure:4113: checking how to run the C preprocessor
configure:4148: gcc -E  conftest.c
configure:4154: $? = 0
configure:4186: gcc -E  conftest.c
conftest.c:11:28: error: ac_nonexistent.h: No such file or directory
configure:4192: $? = 1
configure: failed program was:
| /* confdefs.h.  */
| 
| #define PACKAGE_NAME ""
| #define PACKAGE_TARNAME ""
| #define PACKAGE_VERSION ""
| #define PACKAGE_STRING ""
| #define PACKAGE_BUGREPORT ""
| #define PACKAGE "netdiscover"
| #define VERSION "0.3-beta7"
| /* end confdefs.h.  */
| #include <ac_nonexistent.h>
configure:4231: result: gcc -E
configure:4255: gcc -E  conftest.c
configure:4261: $? = 0
configure:4293: gcc -E  conftest.c
conftest.c:11:28: error: ac_nonexistent.h: No such file or directory
configure:4299: $? = 1
configure: failed program was:
| /* confdefs.h.  */
| 
| #define PACKAGE_NAME ""
| #define PACKAGE_TARNAME ""
| #define PACKAGE_VERSION ""
| #define PACKAGE_STRING ""
| #define PACKAGE_BUGREPORT ""
| #define PACKAGE "netdiscover"
| #define VERSION "0.3-beta7"
| /* end confdefs.h.  */
| #include <ac_nonexistent.h>
configure:4343: checking for egrep
configure:4353: result: grep -E
configure:4358: checking for ANSI C header files
configure:4383: gcc -c -g -O2  conftest.c >&5
configure:4389: $? = 0
configure:4392: test -z 			 || test ! -s conftest.err
configure:4395: $? = 0
configure:4398: test -s conftest.o
configure:4401: $? = 0
configure:4490: gcc -o conftest -g -O2   conftest.c  >&5
conftest.c: In function 'main':
conftest.c:28: warning: incompatible implicit declaration of built-in function 'exit'
configure:4493: $? = 0
configure:4495: ./conftest
configure:4498: $? = 0
configure:4513: result: yes
configure:4596: checking for a sed that does not truncate output
configure:4650: result: /bin/sed
configure:4664: checking for ld used by gcc
configure:4731: result: /usr/bin/ld
configure:4740: checking if the linker (/usr/bin/ld) is GNU ld
configure:4755: result: yes
configure:4760: checking for /usr/bin/ld option to reload object files
configure:4767: result: -r
configure:4776: checking for BSD-compatible nm
configure:4818: result: /usr/bin/nm -B
configure:4822: checking whether ln -s works
configure:4826: result: yes
configure:4833: checking how to recognise dependent libraries
configure:5007: result: pass_all
configure:5228: checking for sys/types.h
configure:5244: gcc -c -g -O2  conftest.c >&5
configure:5250: $? = 0
configure:5253: test -z 			 || test ! -s conftest.err
configure:5256: $? = 0
configure:5259: test -s conftest.o
configure:5262: $? = 0
configure:5273: result: yes
configure:5228: checking for sys/stat.h
configure:5244: gcc -c -g -O2  conftest.c >&5
configure:5250: $? = 0
configure:5253: test -z 			 || test ! -s conftest.err
configure:5256: $? = 0
configure:5259: test -s conftest.o
configure:5262: $? = 0
configure:5273: result: yes
configure:5228: checking for stdlib.h
configure:5244: gcc -c -g -O2  conftest.c >&5
configure:5250: $? = 0
configure:5253: test -z 			 || test ! -s conftest.err
configure:5256: $? = 0
configure:5259: test -s conftest.o
configure:5262: $? = 0
configure:5273: result: yes
configure:5228: checking for string.h
configure:5244: gcc -c -g -O2  conftest.c >&5
configure:5250: $? = 0
configure:5253: test -z 			 || test ! -s conftest.err
configure:5256: $? = 0
configure:5259: test -s conftest.o
configure:5262: $? = 0
configure:5273: result: yes
configure:5228: checking for memory.h
configure:5244: gcc -c -g -O2  conftest.c >&5
configure:5250: $? = 0
configure:5253: test -z 			 || test ! -s conftest.err
configure:5256: $? = 0
configure:5259: test -s conftest.o
configure:5262: $? = 0
configure:5273: result: yes
configure:5228: checking for strings.h
configure:5244: gcc -c -g -O2  conftest.c >&5
configure:5250: $? = 0
configure:5253: test -z 			 || test ! -s conftest.err
configure:5256: $? = 0
configure:5259: test -s conftest.o
configure:5262: $? = 0
configure:5273: result: yes
configure:5228: checking for inttypes.h
configure:5244: gcc -c -g -O2  conftest.c >&5
configure:5250: $? = 0
configure:5253: test -z 			 || test ! -s conftest.err
configure:5256: $? = 0
configure:5259: test -s conftest.o
configure:5262: $? = 0
configure:5273: result: yes
configure:5228: checking for stdint.h
configure:5244: gcc -c -g -O2  conftest.c >&5
configure:5250: $? = 0
configure:5253: test -z 			 || test ! -s conftest.err
configure:5256: $? = 0
configure:5259: test -s conftest.o
configure:5262: $? = 0
configure:5273: result: yes
configure:5228: checking for unistd.h
configure:5244: gcc -c -g -O2  conftest.c >&5
configure:5250: $? = 0
configure:5253: test -z 			 || test ! -s conftest.err
configure:5256: $? = 0
configure:5259: test -s conftest.o
configure:5262: $? = 0
configure:5273: result: yes
configure:5299: checking dlfcn.h usability
configure:5311: gcc -c -g -O2  conftest.c >&5
configure:5317: $? = 0
configure:5320: test -z 			 || test ! -s conftest.err
configure:5323: $? = 0
configure:5326: test -s conftest.o
configure:5329: $? = 0
configure:5339: result: yes
configure:5343: checking dlfcn.h presence
configure:5353: gcc -E  conftest.c
configure:5359: $? = 0
configure:5379: result: yes
configure:5414: checking for dlfcn.h
configure:5421: result: yes
configure:5486: checking for g++
configure:5502: found /usr/bin/g++
configure:5512: result: g++
configure:5528: checking for C++ compiler version
configure:5531: g++ --version </dev/null >&5
g++ (GCC) 4.0.3 20051111 (prerelease) (Debian 4.0.2-4)
Copyright (C) 2005 Free Software Foundation, Inc.
This is free software; see the source for copying conditions.  There is NO
warranty; not even for MERCHANTABILITY or FITNESS FOR A PARTICULAR PURPOSE.

configure:5534: $? = 0
configure:5536: g++ -v </dev/null >&5
Using built-in specs.
Target: i486-linux-gnu
Configured with: ../src/configure -v --enable-languages=c,c++,java,f95,objc,ada,treelang --prefix=/usr --enable-shared --with-system-zlib --libexecdir=/usr/lib --without-included-gettext --enable-threads=posix --enable-nls --program-suffix=-4.0 --enable-__cxa_atexit --enable-clocale=gnu --enable-libstdcxx-debug --enable-java-awt=gtk --enable-gtk-cairo --with-java-home=/usr/lib/jvm/java-1.4.2-gcj-4.0-1.4.2.0/jre --enable-mpfr --disable-werror --enable-checking=release i486-linux-gnu
Thread model: posix
gcc version 4.0.3 20051111 (prerelease) (Debian 4.0.2-4)
configure:5539: $? = 0
configure:5541: g++ -V </dev/null >&5
g++: '-V' option must have argument
configure:5544: $? = 1
configure:5547: checking whether we are using the GNU C++ compiler
configure:5571: g++ -c   conftest.cc >&5
configure:5577: $? = 0
configure:5580: test -z 			 || test ! -s conftest.err
configure:5583: $? = 0
configure:5586: test -s conftest.o
configure:5589: $? = 0
configure:5602: result: yes
configure:5608: checking whether g++ accepts -g
configure:5629: g++ -c -g  conftest.cc >&5
configure:5635: $? = 0
configure:5638: test -z 			 || test ! -s conftest.err
configure:5641: $? = 0
configure:5644: test -s conftest.o
configure:5647: $? = 0
configure:5658: result: yes
configure:5700: g++ -c -g -O2  conftest.cc >&5
configure:5706: $? = 0
configure:5709: test -z 			 || test ! -s conftest.err
configure:5712: $? = 0
configure:5715: test -s conftest.o
configure:5718: $? = 0
configure:5744: g++ -c -g -O2  conftest.cc >&5
conftest.cc: In function 'int main()':
conftest.cc:26: error: 'exit' was not declared in this scope
configure:5750: $? = 1
configure: failed program was:
| /* confdefs.h.  */
| 
| #define PACKAGE_NAME ""
| #define PACKAGE_TARNAME ""
| #define PACKAGE_VERSION ""
| #define PACKAGE_STRING ""
| #define PACKAGE_BUGREPORT ""
| #define PACKAGE "netdiscover"
| #define VERSION "0.3-beta7"
| #define STDC_HEADERS 1
| #define HAVE_SYS_TYPES_H 1
| #define HAVE_SYS_STAT_H 1
| #define HAVE_STDLIB_H 1
| #define HAVE_STRING_H 1
| #define HAVE_MEMORY_H 1
| #define HAVE_STRINGS_H 1
| #define HAVE_INTTYPES_H 1
| #define HAVE_STDINT_H 1
| #define HAVE_UNISTD_H 1
| #define HAVE_DLFCN_H 1
| /* end confdefs.h.  */
| 
| int
| main ()
| {
| exit (42);
|   ;
|   return 0;
| }
configure:5700: g++ -c -g -O2  conftest.cc >&5
configure:5706: $? = 0
configure:5709: test -z 			 || test ! -s conftest.err
configure:5712: $? = 0
configure:5715: test -s conftest.o
configure:5718: $? = 0
configure:5744: g++ -c -g -O2  conftest.cc >&5
configure:5750: $? = 0
configure:5753: test -z 			 || test ! -s conftest.err
configure:5756: $? = 0
configure:5759: test -s conftest.o
configure:5762: $? = 0
configure:5787: checking dependency style of g++
configure:5870: result: gcc3
configure:5892: checking how to run the C++ preprocessor
configure:5923: g++ -E  conftest.cc
configure:5929: $? = 0
configure:5961: g++ -E  conftest.cc
conftest.cc:25:28: error: ac_nonexistent.h: No such file or directory
configure:5967: $? = 1
configure: failed program was:
| /* confdefs.h.  */
| 
| #define PACKAGE_NAME ""
| #define PACKAGE_TARNAME ""
| #define PACKAGE_VERSION ""
| #define PACKAGE_STRING ""
| #define PACKAGE_BUGREPORT ""
| #define PACKAGE "netdiscover"
| #define VERSION "0.3-beta7"
| #define STDC_HEADERS 1
| #define HAVE_SYS_TYPES_H 1
| #define HAVE_SYS_STAT_H 1
| #define HAVE_STDLIB_H 1
| #define HAVE_STRING_H 1
| #define HAVE_MEMORY_H 1
| #define HAVE_STRINGS_H 1
| #define HAVE_INTTYPES_H 1
| #define HAVE_STDINT_H 1
| #define HAVE_UNISTD_H 1
| #define HAVE_DLFCN_H 1
| #ifdef __cplusplus
| extern "C" void std::exit (int) throw (); using std::exit;
| #endif
| /* end confdefs.h.  */
| #include <ac_nonexistent.h>
configure:6006: result: g++ -E
configure:6030: g++ -E  conftest.cc
configure:6036: $? = 0
configure:6068: g++ -E  conftest.cc
conftest.cc:25:28: error: ac_nonexistent.h: No such file or directory
configure:6074: $? = 1
configure: failed program was:
| /* confdefs.h.  */
| 
| #define PACKAGE_NAME ""
| #define PACKAGE_TARNAME ""
| #define PACKAGE_VERSION ""
| #define PACKAGE_STRING ""
| #define PACKAGE_BUGREPORT ""
| #define PACKAGE "netdiscover"
| #define VERSION "0.3-beta7"
| #define STDC_HEADERS 1
| #define HAVE_SYS_TYPES_H 1
| #define HAVE_SYS_STAT_H 1
| #define HAVE_STDLIB_H 1
| #define HAVE_STRING_H 1
| #define HAVE_MEMORY_H 1
| #define HAVE_STRINGS_H 1
| #define HAVE_INTTYPES_H 1
| #define HAVE_STDINT_H 1
| #define HAVE_UNISTD_H 1
| #define HAVE_DLFCN_H 1
| #ifdef __cplusplus
| extern "C" void std::exit (int) throw (); using std::exit;
| #endif
| /* end confdefs.h.  */
| #include <ac_nonexistent.h>
configure:6169: checking for g77
configure:6198: result: no
configure:6169: checking for f77
configure:6198: result: no
configure:6169: checking for xlf
configure:6198: result: no
configure:6169: checking for frt
configure:6198: result: no
configure:6169: checking for pgf77
configure:6198: result: no
configure:6169: checking for fort77
configure:6198: result: no
configure:6169: checking for fl32
configure:6198: result: no
configure:6169: checking for af77
configure:6198: result: no
configure:6169: checking for f90
configure:6198: result: no
configure:6169: checking for xlf90
configure:6198: result: no
configure:6169: checking for pgf90
configure:6198: result: no
configure:6169: checking for epcf90
configure:6198: result: no
configure:6169: checking for f95
configure:6198: result: no
configure:6169: checking for fort
configure:6198: result: no
configure:6169: checking for xlf95
configure:6198: result: no
configure:6169: checking for ifc
configure:6198: result: no
configure:6169: checking for efc
configure:6198: result: no
configure:6169: checking for pgf95
configure:6198: result: no
configure:6169: checking for lf95
configure:6198: result: no
configure:6169: checking for gfortran
configure:6198: result: no
configure:6210: checking for Fortran 77 compiler version
configure:6213:  --version </dev/null >&5
./configure: line 6214: --version: command not found
configure:6216: $? = 127
configure:6218:  -v </dev/null >&5
./configure: line 6219: -v: command not found
configure:6221: $? = 127
configure:6223:  -V </dev/null >&5
./configure: line 6224: -V: command not found
configure:6226: $? = 127
configure:6234: checking whether we are using the GNU Fortran 77 compiler
configure:6248:  -c  conftest.F >&5
./configure: line 6249: -c: command not found
configure:6254: $? = 127
configure: failed program was:
|       program main
| #ifndef __GNUC__
|        choke me
| #endif
| 
|       end
configure:6279: result: no
configure:6285: checking whether  accepts -g
configure:6297:  -c -g conftest.f >&5
./configure: line 6298: -c: command not found
configure:6303: $? = 127
configure: failed program was:
|       program main
| 
|       end
configure:6327: result: no
configure:6357: checking the maximum length of command line arguments
configure:6422: result: 32768
configure:6433: checking command to parse /usr/bin/nm -B output from gcc object
configure:6522: gcc -c -g -O2  conftest.c >&5
configure:6525: $? = 0
configure:6529: /usr/bin/nm -B conftest.o \| sed -n -e 's/^.*[ 	]\([ABCDGIRSTW][ABCDGIRSTW]*\)[ 	][ 	]*\(\)\([_A-Za-z][_A-Za-z0-9]*\)$/\1 \2\3 \3/p' \> conftest.nm
configure:6532: $? = 0
configure:6584: gcc -o conftest -g -O2   conftest.c conftstm.o >&5
configure:6587: $? = 0
configure:6625: result: ok
configure:6629: checking for objdir
configure:6644: result: .libs
configure:6734: checking for ar
configure:6750: found /usr/bin/ar
configure:6761: result: ar
configure:6814: checking for ranlib
configure:6830: found /usr/bin/ranlib
configure:6841: result: ranlib
configure:6894: checking for strip
configure:6910: found /usr/bin/strip
configure:6921: result: strip
configure:7183: checking if gcc static flag  works
configure:7206: result: yes
configure:7224: checking if gcc supports -fno-rtti -fno-exceptions
configure:7242: gcc -c -g -O2  -fno-rtti -fno-exceptions conftest.c >&5
cc1: warning: command line option "-fno-rtti" is valid for C++/ObjC++ but not for C
configure:7246: $? = 0
configure:7257: result: no
configure:7272: checking for gcc option to produce PIC
configure:7449: result: -fPIC
configure:7457: checking if gcc PIC flag -fPIC works
configure:7475: gcc -c -g -O2  -fPIC -DPIC conftest.c >&5
configure:7479: $? = 0
configure:7490: result: yes
configure:7514: checking if gcc supports -c -o file.o
configure:7535: gcc -c -g -O2  -o out/conftest2.o conftest.c >&5
configure:7539: $? = 0
configure:7559: result: yes
configure:7585: checking whether the gcc linker (/usr/bin/ld) supports shared libraries
configure:8432: result: yes
configure:8458: checking whether -lc should be explicitly linked in
configure:8463: gcc -c -g -O2  conftest.c >&5
configure:8466: $? = 0
configure:8480: gcc -shared conftest.o  -v -Wl,-soname -Wl,conftest -o conftest 2\>\&1 \| grep  -lc  \>/dev/null 2\>\&1
configure:8483: $? = 0
configure:8495: result: no
configure:8503: checking dynamic linker characteristics
configure:9055: result: GNU/Linux ld.so
configure:9059: checking how to hardcode library paths into programs
configure:9084: result: immediate
configure:9098: checking whether stripping libraries is possible
configure:9103: result: yes
configure:9926: checking if libtool supports shared libraries
configure:9928: result: yes
configure:9931: checking whether to build shared libraries
configure:9989: result: yes
configure:9992: checking whether to build static libraries
configure:9996: result: yes
configure:10088: creating libtool
configure:10635: checking for ld used by g++
configure:10702: result: /usr/bin/ld
configure:10711: checking if the linker (/usr/bin/ld) is GNU ld
configure:10726: result: yes
configure:10777: checking whether the g++ linker (/usr/bin/ld) supports shared libraries
configure:11603: result: yes
configure:11621: g++ -c -g -O2  conftest.cc >&5
configure:11624: $? = 0
configure:11720: checking for g++ option to produce PIC
configure:11972: result: -fPIC
configure:11980: checking if g++ PIC flag -fPIC works
configure:11998: g++ -c -g -O2  -fPIC -DPIC conftest.cc >&5
configure:12002: $? = 0
configure:12013: result: yes
configure:12037: checking if g++ supports -c -o file.o
configure:12058: g++ -c -g -O2  -o out/conftest2.o conftest.cc >&5
configure:12062: $? = 0
configure:12082: result: yes
configure:12108: checking whether the g++ linker (/usr/bin/ld) supports shared libraries
configure:12136: result: yes
configure:12207: checking dynamic linker characteristics
configure:12759: result: GNU/Linux ld.so
configure:12763: checking how to hardcode library paths into programs
configure:12788: result: immediate
configure:12802: checking whether stripping libraries is possible
configure:12807: result: yes
configure:20061: checking pcap.h usability
configure:20073: gcc -c -g -O2  conftest.c >&5
configure:20079: $? = 0
configure:20082: test -z 			 || test ! -s conftest.err
configure:20085: $? = 0
configure:20088: test -s conftest.o
configure:20091: $? = 0
configure:20101: result: yes
configure:20105: checking pcap.h presence
configure:20115: gcc -E  conftest.c
configure:20121: $? = 0
configure:20141: result: yes
configure:20176: checking for pcap.h
configure:20183: result: yes
configure:20207: checking libnet.h usability
configure:20219: gcc -c -g -O2  conftest.c >&5
configure:20225: $? = 0
configure:20228: test -z 			 || test ! -s conftest.err
configure:20231: $? = 0
configure:20234: test -s conftest.o
configure:20237: $? = 0
configure:20247: result: yes
configure:20251: checking libnet.h presence
configure:20261: gcc -E  conftest.c
configure:20267: $? = 0
configure:20287: result: yes
configure:20322: checking for libnet.h
configure:20329: result: yes
configure:20562: creating ./config.status

## ---------------------- ##
## Running config.status. ##
## ---------------------- ##

This file was extended by config.status, which was
generated by GNU Autoconf 2.59.  Invocation command line was

  CONFIG_FILES    = 
  CONFIG_HEADERS  = 
  CONFIG_LINKS    = 
  CONFIG_COMMANDS = 
  $ ./config.status 

on Infinity

config.status:769: creating Makefile
config.status:769: creating src/Makefile
config.status:769: creating doc/Makefile
config.status:835: creating config.h
config.status:955: config.h is unchanged
config.status:1135: executing depfiles commands

## ---------------- ##
## Cache variables. ##
## ---------------- ##

ac_cv_build=i686-pc-linux-gnu
ac_cv_build_alias=i686-pc-linux-gnu
ac_cv_c_compiler_gnu=yes
ac_cv_cxx_compiler_gnu=yes
ac_cv_env_CC_set=
ac_cv_env_CC_value=
ac_cv_env_CFLAGS_set=
ac_cv_env_CFLAGS_value=
ac_cv_env_CPPFLAGS_set=
ac_cv_env_CPPFLAGS_value=
ac_cv_env_CPP_set=
ac_cv_env_CPP_value=
ac_cv_env_CXXCPP_set=
ac_cv_env_CXXCPP_value=
ac_cv_env_CXXFLAGS_set=
ac_cv_env_CXXFLAGS_value=
ac_cv_env_CXX_set=
ac_cv_env_CXX_value=
ac_cv_env_F77_set=
ac_cv_env_F77_value=
ac_cv_env_FFLAGS_set=
ac_cv_env_FFLAGS_value=
ac_cv_env_LDFLAGS_set=
ac_cv_env_LDFLAGS_value=
ac_cv_env_build_alias_set=
ac_cv_env_build_alias_value=
ac_cv_env_host_alias_set=
ac_cv_env_host_alias_value=
ac_cv_env_target_alias_set=
ac_cv_env_target_alias_value=
ac_cv_exeext=
ac_cv_f77_compiler_gnu=no
ac_cv_header_dlfcn_h=yes
ac_cv_header_inttypes_h=yes
ac_cv_header_libnet_h=yes
ac_cv_header_memory_h=yes
ac_cv_header_pcap_h=yes
ac_cv_header_stdc=yes
ac_cv_header_stdint_h=yes
ac_cv_header_stdlib_h=yes
ac_cv_header_string_h=yes
ac_cv_header_strings_h=yes
ac_cv_header_sys_stat_h=yes
ac_cv_header_sys_types_h=yes
ac_cv_header_unistd_h=yes
ac_cv_host=i686-pc-linux-gnu
ac_cv_host_alias=i686-pc-linux-gnu
ac_cv_lib_cposix_strerror=no
ac_cv_objext=o
ac_cv_path_install='/usr/bin/install -c'
ac_cv_prog_AWK=gawk
ac_cv_prog_CPP='gcc -E'
ac_cv_prog_CXXCPP='g++ -E'
ac_cv_prog_ac_ct_AR=ar
ac_cv_prog_ac_ct_CC=gcc
ac_cv_prog_ac_ct_CXX=g++
ac_cv_prog_ac_ct_RANLIB=ranlib
ac_cv_prog_ac_ct_STRIP=strip
ac_cv_prog_cc_g=yes
ac_cv_prog_cc_stdc=
ac_cv_prog_cxx_g=yes
ac_cv_prog_egrep='grep -E'
ac_cv_prog_f77_g=no
ac_cv_prog_make_make_set=yes
ac_cv_target=i686-pc-linux-gnu
ac_cv_target_alias=i686-pc-linux-gnu
am_cv_CC_dependencies_compiler_type=gcc3
am_cv_CXX_dependencies_compiler_type=gcc3
am_cv_prog_cc_stdc=
lt_cv_deplibs_check_method=pass_all
lt_cv_file_magic_cmd='$MAGIC_CMD'
lt_cv_file_magic_test_file=
lt_cv_ld_reload_flag=-r
lt_cv_objdir=.libs
lt_cv_path_LD=/usr/bin/ld
lt_cv_path_LDCXX=/usr/bin/ld
lt_cv_path_NM='/usr/bin/nm -B'
lt_cv_path_SED=/bin/sed
lt_cv_prog_compiler_c_o=yes
lt_cv_prog_compiler_c_o_CXX=yes
lt_cv_prog_compiler_rtti_exceptions=no
lt_cv_prog_gnu_ld=yes
lt_cv_prog_gnu_ldcxx=yes
lt_cv_sys_global_symbol_pipe='sed -n -e '\''s/^.*[ 	]\([ABCDGIRSTW][ABCDGIRSTW]*\)[ 	][ 	]*\(\)\([_A-Za-z][_A-Za-z0-9]*\)$/\1 \2\3 \3/p'\'''
lt_cv_sys_global_symbol_to_c_name_address='sed -n -e '\''s/^: \([^ ]*\) $/  {\"\1\", (lt_ptr) 0},/p'\'' -e '\''s/^[BCDEGRST] \([^ ]*\) \([^ ]*\)$/  {"\2", (lt_ptr) \&\2},/p'\'''
lt_cv_sys_global_symbol_to_cdecl='sed -n -e '\''s/^. .* \(.*\)$/extern int \1;/p'\'''
lt_cv_sys_max_cmd_len=32768
lt_lt_cv_prog_compiler_c_o='"yes"'
lt_lt_cv_prog_compiler_c_o_CXX='"yes"'
lt_lt_cv_sys_global_symbol_pipe='"sed -n -e '\''s/^.*[ 	]\\([ABCDGIRSTW][ABCDGIRSTW]*\\)[ 	][ 	]*\\(\\)\\([_A-Za-z][_A-Za-z0-9]*\\)\$/\\1 \\2\\3 \\3/p'\''"'
lt_lt_cv_sys_global_symbol_to_c_name_address='"sed -n -e '\''s/^: \\([^ ]*\\) \$/  {\\\"\\1\\\", (lt_ptr) 0},/p'\'' -e '\''s/^[BCDEGRST] \\([^ ]*\\) \\([^ ]*\\)\$/  {\"\\2\", (lt_ptr) \\&\\2},/p'\''"'
lt_lt_cv_sys_global_symbol_to_cdecl='"sed -n -e '\''s/^. .* \\(.*\\)\$/extern int \\1;/p'\''"'

## ----------------- ##
## Output variables. ##
## ----------------- ##

ACLOCAL='${SHELL} /home/weed/Projects/netdiscover/missing --run aclocal-1.7'
AMDEPBACKSLASH='\'
AMDEP_FALSE='#'
AMDEP_TRUE=''
AMTAR='${SHELL} /home/weed/Projects/netdiscover/missing --run tar'
AR='ar'
AUTOCONF='${SHELL} /home/weed/Projects/netdiscover/missing --run autoconf'
AUTOHEADER='${SHELL} /home/weed/Projects/netdiscover/missing --run autoheader'
AUTOMAKE='${SHELL} /home/weed/Projects/netdiscover/missing --run automake-1.7'
AWK='gawk'
CC='gcc'
CCDEPMODE='depmode=gcc3'
CFLAGS='-g -O2'
CPP='gcc -E'
CPPFLAGS=''
CXX='g++'
CXXCPP='g++ -E'
CXXDEPMODE='depmode=gcc3'
CXXFLAGS='-g -O2'
CYGPATH_W='echo'
DEFS='-DHAVE_CONFIG_H'
DEPDIR='.deps'
ECHO='echo'
ECHO_C=''
ECHO_N='-n'
ECHO_T=''
EGREP='grep -E'
EXEEXT=''
F77=''
FFLAGS=''
INSTALL_DATA='${INSTALL} -m 644'
INSTALL_PROGRAM='${INSTALL}'
INSTALL_SCRIPT='${INSTALL}'
INSTALL_STRIP_PROGRAM='${SHELL} $(install_sh) -c -s'
LDFLAGS=''
LIBOBJS=''
LIBS=''
LIBTOOL='$(SHELL) $(top_builddir)/libtool'
LN_S='ln -s'
LTLIBOBJS=''
MAINT=''
MAINTAINER_MODE_FALSE='#'
MAINTAINER_MODE_TRUE=''
MAKEINFO='${SHELL} /home/weed/Projects/netdiscover/missing --run makeinfo'
NO_PREFIX_PACKAGE_DATA_DIR='share'
NO_PREFIX_PACKAGE_DOC_DIR='doc/netdiscover'
NO_PREFIX_PACKAGE_HELP_DIR='share/help'
NO_PREFIX_PACKAGE_MENU_DIR='share'
NO_PREFIX_PACKAGE_PIXMAPS_DIR='share/pixmaps'
OBJEXT='o'
PACKAGE='netdiscover'
PACKAGE_BUGREPORT=''
PACKAGE_DATA_DIR='/usr/local/share'
PACKAGE_DOC_DIR='/usr/local/doc/netdiscover'
PACKAGE_HELP_DIR='/usr/local/share/help'
PACKAGE_MENU_DIR='/usr/local/share'
PACKAGE_NAME=''
PACKAGE_PIXMAPS_DIR='/usr/local/share/pixmaps'
PACKAGE_STRING=''
PACKAGE_TARNAME=''
PACKAGE_VERSION=''
PATH_SEPARATOR=':'
RANLIB='ranlib'
SET_MAKE=''
SHELL='/bin/sh'
STRIP='strip'
VERSION='0.3-beta7'
ac_ct_AR='ar'
ac_ct_CC='gcc'
ac_ct_CXX='g++'
ac_ct_F77=''
ac_ct_RANLIB='ranlib'
ac_ct_STRIP='strip'
am__fastdepCC_FALSE='#'
am__fastdepCC_TRUE=''
am__fastdepCXX_FALSE='#'
am__fastdepCXX_TRUE=''
am__include='include'
am__leading_dot='.'
am__quote=''
bindir='${exec_prefix}/bin'
build='i686-pc-linux-gnu'
build_alias=''
build_cpu='i686'
build_os='linux-gnu'
build_vendor='pc'
datadir='${prefix}/share'
exec_prefix='${prefix}'
host='i686-pc-linux-gnu'
host_alias=''
host_cpu='i686'
host_os='linux-gnu'
host_vendor='pc'
includedir='${prefix}/include'
infodir='${prefix}/info'
install_sh='/home/weed/Projects/netdiscover/install-sh'
libdir='${exec_prefix}/lib'
libexecdir='${exec_prefix}/libexec'
localstatedir='${prefix}/var'
mandir='${prefix}/man'
oldincludedir='/usr/include'
prefix='/usr/local'
program_transform_name='s,x,x,'
sbindir='${exec_prefix}/sbin'
sharedstatedir='${prefix}/com'
sysconfdir='${prefix}/etc'
target='i686-pc-linux-gnu'
target_alias=''
target_cpu='i686'
target_os='linux-gnu'
target_vendor='pc'

## ----------- ##
## confdefs.h. ##
## ----------- ##

#define HAVE_DLFCN_H 1
#define HAVE_INTTYPES_H 1
#define HAVE_MEMORY_H 1
#define HAVE_STDINT_H 1
#define HAVE_STDLIB_H 1
#define HAVE_STRINGS_H 1
#define HAVE_STRING_H 1
#define HAVE_SYS_STAT_H 1
#define HAVE_SYS_TYPES_H 1
#define HAVE_UNISTD_H 1
#define PACKAGE "netdiscover"
#define PACKAGE_BUGREPORT ""
#define PACKAGE_DATA_DIR "/usr/local/share"
#define PACKAGE_DOC_DIR "/usr/local/doc/netdiscover"
#define PACKAGE_HELP_DIR "/usr/local/share/help"
#define PACKAGE_MENU_DIR "/usr/local/share"
#define PACKAGE_NAME ""
#define PACKAGE_PIXMAPS_DIR "/usr/local/share/pixmaps"
#define PACKAGE_SOURCE_DIR "/home/weed/Projects/netdiscover"
#define PACKAGE_STRING ""
#define PACKAGE_TARNAME ""
#define PACKAGE_VERSION ""
#define STDC_HEADERS 1
#define VERSION "0.3-beta7"
#endif
#ifdef __cplusplus
extern "C" void std::exit (int) throw (); using std::exit;

configure: exit 0

## ---------------------- ##
## Running config.status. ##
## ---------------------- ##

This file was extended by config.status, which was
generated by GNU Autoconf 2.59.  Invocation command line was

  CONFIG_FILES    = 
  CONFIG_HEADERS  = 
  CONFIG_LINKS    = 
  CONFIG_COMMANDS = 
  $ ./config.status src/Makefile depfiles

on Infinity

config.status:769: creating src/Makefile
config.status:1135: executing depfiles commands
